"../../../Engine/Content/Functions/Engine_MaterialFunctions01/Opacity/CameraDepthFade.uasset" 0
"../../../Engine/Content/EngineMaterials/T_Default_Material_Grid_M.uasset" 1
"../../../Engine/Content/EngineMaterials/T_Default_Material_Grid_N.uasset" 2
"../../../Engine/Content/EngineMaterials/DefaultMaterial.uasset" 3
"../../../Engine/Content/BasicShapes/Cone.uasset" 4
"../../../Engine/Content/EngineMaterials/WorldGridMaterial.uasset" 5
"../../../Engine/Content/BasicShapes/Cube.uasset" 6
"../../../Engine/Content/EditorLandscapeResources/DataLayer.uasset" 7
"../../../Engine/Content/EditorMaterials/GizmoMaterial.uasset" 8
"../../../Engine/Content/EditorMaterials/MAT_Groups_Toggle.uasset" 9
"../../../Engine/Content/EditorMaterials/MAT_Groups_Visibility.uasset" 10
"../../../Engine/Content/EditorMaterials/PreviewShadowIndicator.uasset" 11
"../../../Engine/Content/EditorMaterials/PreviewShadowIndicatorMaterial.uasset" 12
"../../../Engine/Content/EditorMaterials/AssetViewer/EpicQuadPanorama_CC+EV1.uasset" 13
"../../../Engine/Content/EditorMaterials/MatineeGroups/MAT_ColorTrack.uasset" 14
"../../../Engine/Content/EditorMaterials/MatineeGroups/MAT_Groups_Anim.uasset" 15
"../../../Engine/Content/EditorMaterials/MatineeGroups/MAT_Groups_AudioMaster.uasset" 16
"../../../Engine/Content/EditorMaterials/MatineeGroups/MAT_Groups_Director.uasset" 17
"../../../Engine/Content/EditorMaterials/MatineeGroups/MAT_Groups_Event.uasset" 18
"../../../Engine/Content/EditorMaterials/MatineeGroups/MAT_Groups_Fade.uasset" 19
"../../../Engine/Content/EditorMaterials/MatineeGroups/MAT_Groups_Float.uasset" 20
"../../../Engine/Content/EditorMaterials/MatineeGroups/MAT_Groups_Move.uasset" 21
"../../../Engine/Content/EditorMaterials/MatineeGroups/MAT_Groups_Slomo.uasset" 22
"../../../Engine/Content/EditorMaterials/MatineeGroups/MAT_Groups_Sound.uasset" 23
"../../../Engine/Content/EditorMaterials/MatineeGroups/MAT_Groups_Vector.uasset" 24
"../../../Engine/Content/EditorMaterials/ParticleSystems/PSysThumbnail_NoImage.uasset" 25
"../../../Engine/Content/EditorMaterials/ParticleSystems/PSysThumbnail_OOD.uasset" 26
"../../../Engine/Content/EditorMaterials/Camera/CineMat.uasset" 27
"../../../Engine/Content/EditorMaterials/Camera/MI_CineMat_Rig.uasset" 28
"../../../Engine/Content/EditorMeshes/Camera/SM_CraneRig_Arm.uasset" 29
"../../../Engine/Content/EditorMeshes/Camera/SM_CraneRig_Base.uasset" 30
"../../../Engine/Content/EditorMeshes/Camera/SM_CraneRig_Body.uasset" 31
"../../../Engine/Content/EditorMeshes/Camera/SM_CraneRig_Mount.uasset" 32
"../../../Engine/Content/EditorMeshes/Camera/SM_RailRig_Mount.uasset" 33
"../../../Engine/Content/EditorMeshes/Camera/SM_RailRig_Track.uasset" 34
"../../../Engine/Content/EditorResources/BSPVertex.uasset" 35
"../../../Engine/Content/EditorResources/EmptyActor.uasset" 36
"../../../Engine/Content/EditorResources/RGBTable16x1_AssetViewer.uasset" 37
"../../../Engine/Content/EditorResources/S_Actor.uasset" 38
"../../../Engine/Content/EditorResources/S_Trigger.uasset" 39
"../../../Engine/Content/EditorResources/AudioIcons/S_AudioComponent.uasset" 40
"../../../Engine/Content/EditorResources/AudioIcons/S_AudioComponent_AutoActivate.uasset" 41
"../../../Engine/Content/EditorResources/LightIcons/S_LightError.uasset" 42
"../../../Engine/Content/EditorResources/SequenceRecorder/Countdown.uasset" 43
"../../../Engine/Content/EditorResources/SequenceRecorder/RecordingIndicator.uasset" 44
"../../../Engine/Content/EditorSounds/Notifications/CompileFailed.uasset" 45
"../../../Engine/Content/EditorSounds/Notifications/CompileFailed_Cue.uasset" 46
"../../../Engine/Content/EditorSounds/Notifications/CompileSuccess.uasset" 47
"../../../Engine/Content/EditorSounds/Notifications/CompileStart_Cue.uasset" 48
"../../../Engine/Content/EditorSounds/Notifications/CompileSuccess_Cue.uasset" 49
"../../../Engine/Content/EngineDamageTypes/DmgTypeBP_Environmental.uasset" 50
"../../../Engine/Content/EngineDebugMaterials/HeatmapGradient.uasset" 51
"../../../Engine/Content/EngineDebugMaterials/BoneWeightMaterial.uasset" 52
"../../../Engine/Content/EngineDebugMaterials/DebugMeshMaterial.uasset" 53
"../../../Engine/Content/EngineDebugMaterials/GeomMaterial.uasset" 54
"../../../Engine/Content/EngineFonts/Roboto.uasset" 55
"../../../Engine/Content/EngineFonts/RobotoTiny.uasset" 56
"../../../Engine/Content/EngineMaterials/DefaultBokeh.uasset" 57
"../../../Engine/Content/EngineMaterials/DefaultDiffuse.uasset" 58
"../../../Engine/Content/EngineMaterials/DefaultDeferredDecalMaterial.uasset" 59
"../../../Engine/Content/EngineMaterials/DefaultLightFunctionMaterial.uasset" 60
"../../../Engine/Content/EngineMaterials/DefaultPhysicalMaterial.uasset" 61
"../../../Engine/Content/Functions/Engine_MaterialFunctions02/Utility/BreakOutFloat2Components.uasset" 62
"../../../Engine/Content/EngineMaterials/DefaultPostProcessMaterial.uasset" 63
"../../../Engine/Content/EngineFonts/RobotoDistanceField.uasset" 64
"../../../Engine/Content/EngineMaterials/DefaultTextMaterialOpaque.uasset" 65
"../../../Engine/Content/EngineMaterials/DefaultWhiteGrid.uasset" 66
"../../../Engine/Content/EngineMaterials/EditorBrushMaterial.uasset" 67
"../../../Engine/Content/EngineMaterials/Good64x64TilingNoiseHighFreq.uasset" 68
"../../../Engine/Content/EngineMaterials/MiniFont.uasset" 69
"../../../Engine/Content/EngineMaterials/InvalidLightmapSettings.uasset" 70
"../../../Engine/Content/EngineMaterials/M_InvalidLightmapSettings.uasset" 71
"../../../Engine/Content/EngineMaterials/PhAT_JointLimitMaterial.uasset" 72
"../../../Engine/Content/EngineMaterials/PreintegratedSkinBRDF.uasset" 73
"../../../Engine/Content/EngineMaterials/RemoveSurfaceMaterial.uasset" 74
"../../../Engine/Content/EngineMaterials/WeightMapPlaceholderTexture.uasset" 75
"../../../Engine/Content/EngineResources/WhiteSquareTexture.uasset" 76
"../../../Engine/Content/EngineMaterials/Widget3DPassThrough.uasset" 77
"../../../Engine/Content/EngineMaterials/Widget3DPassThrough_Masked.uasset" 78
"../../../Engine/Content/EngineMaterials/Widget3DPassThrough_Opaque.uasset" 79
"../../../Engine/Content/EngineMaterials/Widget3DPassThrough_Masked_OneSided.uasset" 80
"../../../Engine/Content/EngineMaterials/Widget3DPassThrough_Opaque_OneSided.uasset" 81
"../../../Engine/Content/EngineMaterials/Widget3DPassThrough_Translucent.uasset" 82
"../../../Engine/Content/EngineMaterials/Widget3DPassThrough_Translucent_OneSided.uasset" 83
"../../../Engine/Content/EngineMeshes/Cube.uasset" 84
"../../../Engine/Content/EngineMeshes/Cylinder.uasset" 85
"../../../Engine/Content/EngineMeshes/Sphere.uasset" 86
"../../../Engine/Content/EngineResources/AICON-Green.uasset" 87
"../../../Engine/Content/EngineResources/AICON-Red.uasset" 88
"../../../Engine/Content/EngineResources/Black.uasset" 89
"../../../Engine/Content/EngineResources/DefaultTexture.uasset" 90
"../../../Engine/Content/EngineResources/DefaultTextureCube.uasset" 91
"../../../Engine/Content/EngineResources/GradientTexture0.uasset" 92
"../../../Engine/Content/EngineSounds/Master.uasset" 93
"../../../Engine/Content/EngineSounds/MasterSubmix.uasset" 94
"../../../Engine/Content/EngineTireTypes/DefaultTireType.uasset" 95
"../../../Engine/Content/Functions/Engine_MaterialFunctions01/Shading/ConvertFromDiffSpec.uasset" 96
"../../../Engine/Content/Functions/Engine_MaterialFunctions01/Shading/PowerToRoughness.uasset" 97
"../../../Engine/Content/Maps/Templates/Thumbnails/Default.uasset" 98
"../../../Engine/Content/Maps/Templates/Thumbnails/VR-Basic.uasset" 99
"../../../Engine/Content/MobileResources/T_MobileControls_texture.uasset" 100
"../../../Engine/Content/MobileResources/T_MobileMenu2.uasset" 101
"../../../Engine/Content/MobileResources/HUD/AnalogHat.uasset" 102
"../../../Engine/Content/MobileResources/HUD/VirtualJoystick_Background.uasset" 103
"../../../Engine/Content/MobileResources/HUD/VirtualJoystick_Thumb.uasset" 104
"../../../Engine/Content/MobileResources/HUD/DefaultVirtualJoysticks.uasset" 105
"../../../Engine/Content/MobileResources/HUD/LeftVirtualJoystickOnly.uasset" 106
"../../../Engine/Content/MobileResources/HUD/MobileHUDButton1_off.uasset" 107
"../../../Engine/Content/MobileResources/HUD/MobileHUDButton1_on.uasset" 108
"../../../Engine/Content/MobileResources/HUD/MobileHUDButton2_off.uasset" 109
"../../../Engine/Content/MobileResources/HUD/MobileHUDButton2_on.uasset" 110
"../../../Engine/Content/MobileResources/HUD/MobileHUDButton3.uasset" 111
"../../../Engine/Content/MobileResources/HUD/MobileHUDButtonFire.uasset" 112
"../../../Engine/Content/MobileResources/HUD/MobileHUDDirectionPad.uasset" 113
"../../../Engine/Content/MobileResources/HUD/MobileHUDDirectionPad2.uasset" 114
"../../../Engine/Content/MobileResources/HUD/MobileHUDDirectionPad3.uasset" 115
"../../../Engine/Content/MobileResources/HUD/MobileHUDDirectionStick.uasset" 116
"../../../Engine/Content/MobileResources/HUD/T_Castle_ThumbstickInner.uasset" 117
"../../../Engine/Content/MobileResources/HUD/T_Castle_ThumbstickOutter.uasset" 118
"../../../Engine/Content/Tutorial/ContentIntroCurve.uasset" 119
"../../../Engine/Content/Tutorial/Basics/TutorialAssets/icon_tab_Levels_40x.uasset" 120
"../../../Engine/Content/Tutorial/BlueprintTutorials/TutorialAssets/BlueprintInterface_64x.uasset" 121
"../../../Engine/Content/Tutorial/BlueprintTutorials/TutorialAssets/BlueprintMacroLibrary_64x.uasset" 122
"../../../Engine/Content/Tutorial/BlueprintTutorials/TutorialAssets/Blueprint_64x.uasset" 123
"../../../Engine/Content/Tutorial/BlueprintTutorials/TutorialAssets/Tutorial_BP_Interface.uasset" 124
"../../../Engine/Content/Tutorial/Foliage/TutorialAssets/Foliage.uasset" 125
"../../../Engine/Content/Tutorial/Landscape/TutorialAssets/Landscape.uasset" 126
"../../../Engine/Content/Tutorial/Paper2D/TutorialAssets/Paper2DFlipbook_TutorialIcon.uasset" 127
"../../../Engine/Content/Tutorial/Paper2D/TutorialAssets/Paper2DSprite_TutorialIcon.uasset" 128
"../../../Engine/Content/Tutorial/SubEditors/TutorialAssets/icon_Editor_Preferences_General_40x.uasset" 129
"../../../Engine/Content/Tutorial/SubEditors/TutorialAssets/icon_ShowSkeletalMeshes_40x.uasset" 130
"../../../Engine/Content/Tutorial/SubEditors/TutorialAssets/TutorialMaterial.uasset" 131
"../../../Engine/Content/Tutorial/SubEditors/TutorialAssets/T_SmokeSubUV_8X8.uasset" 132
"../../../Engine/Content/Tutorial/SubEditors/TutorialAssets/T_soft_smoke.uasset" 133
"../../../Engine/Content/Tutorial/SubEditors/TutorialAssets/M_smoke_subUV_blackbody.uasset" 134
"../../../Engine/Content/Tutorial/SubEditors/TutorialAssets/TutorialParticleSystem.uasset" 135
"../../../Engine/Content/EditorMeshes/EditorCube.uasset" 136
"../../../Engine/Content/Tutorial/SubEditors/TutorialAssets/Tutorial_DM.uasset" 137
"../../../Engine/Content/VREditor/Devices/Generic/GenericHMDMaterial.uasset" 138
"../../../Engine/Content/VREditor/Devices/Generic/GenericHMD.uasset" 139
"../../../Engine/Content/VREditor/FloatingText/LineMaterial.uasset" 140
"../../../Engine/Content/VREditor/FloatingText/JointSphere.uasset" 141
"../../../Engine/Content/VREditor/FloatingText/LineSegmentCylinder.uasset" 142
"../../../Engine/Content/VREditor/Fonts/VRText_RobotoLarge.uasset" 143
"../../../Engine/Content/VREditor/Fonts/VRTextMaterial.uasset" 144
"../../../Engine/Content/VREditor/Fonts/TranslucentVRTextMaterial.uasset" 145
"../../../Engine/Content/VREditor/LaserPointer/VR_LaserPower_01.uasset" 146
"../../../Engine/Content/VREditor/LaserPointer/LaserPointerMaterial.uasset" 147
"../../../Engine/Content/VREditor/LaserPointer/LaserPointerMaterialInst.uasset" 148
"../../../Engine/Content/VREditor/LaserPointer/TranslucentLaserPointerMaterialInst.uasset" 149
"../../../Engine/Content/VREditor/LaserPointer/LaserPointerMesh.uasset" 150
"../../../Engine/Content/VREditor/Sounds/VR_grab_Cue.uasset" 151
"../../../Engine/Content/VREditor/Sounds/VR_teleport_Cue.uasset" 152
"../../../Engine/Content/VREditor/TransformGizmo/TransformGizmoMaterial.uasset" 153
"../../../Engine/Content/VREditor/TransformGizmo/TranslucentTransformGizmoMaterial.uasset" 154
"../../../Engine/Content/VREditor/TransformGizmo/BoundingBoxCorner.uasset" 155
"../../../Engine/Content/VREditor/TransformGizmo/BoundingBoxEdge.uasset" 156
"../../../Engine/Content/VREditor/TransformGizmo/PlaneTranslationHandle.uasset" 157
"../../../Engine/Content/VREditor/TransformGizmo/RotationHandle.uasset" 158
"../../../Engine/Content/VREditor/TransformGizmo/RotationHandleFull.uasset" 159
"../../../Engine/Content/VREditor/TransformGizmo/StretchingHandle.uasset" 160
"../../../Engine/Content/VREditor/TransformGizmo/TranslateHandleLong.uasset" 161
"../../../Engine/Content/VREditor/TransformGizmo/TranslationHandle.uasset" 162
"../../../Engine/Content/VREditor/TransformGizmo/UniformScaleHandle.uasset" 163
"../../../Engine/Content/VREditor/UI/CloseButtonMesh.uasset" 164
"../../../Engine/Content/VREditor/UI/SelectionBarMesh.uasset" 165
"../../../Engine/Content/Functions/Engine_MaterialFunctions01/Gradient/RadialGradient.uasset" 166
"../../../Engine/Content/VREditor/WorldMovementGrid/SimpleGrid.uasset" 167
"../../../Engine/Content/VREditor/WorldMovementGrid/GridMaterial.uasset" 168
"../../../Engine/Content/Functions/Engine_MaterialFunctions01/Density/ExponentialDensity.uasset" 169
"../../../Engine/Content/VREditor/WorldMovementGrid/GridPostProcess.uasset" 170
"../../../Engine/Content/EditorLandscapeResources/FlattenHeightMat.uasset" 171
"../../../Engine/Content/VREditor/WorldMovementGrid/PlaneMesh.uasset" 172
"../../../AI/Content/Mannequin/Character/Mesh/UE4_Mannequin_Skeleton.uasset" 173
"../../../AI/Content/Mannequin/Animations/ThirdPersonJump_End.uasset" 174
"../../../AI/Content/StarterContent/Materials/M_Basic_Wall.uasset" 175
"../../../AI/Content/StarterContent/Architecture/Pillar_50x500.uasset" 176
"../../../AI/Content/StarterContent/Architecture/Wall_400x300.uasset" 177
"../../../AI/Content/StarterContent/Architecture/Wall_400x400.uasset" 178
"../../../AI/Content/StarterContent/Architecture/Wall_500x500.uasset" 179
"../../../AI/Content/StarterContent/Architecture/Wall_Door_400x400.uasset" 180
"../../../AI/Content/StarterContent/Architecture/Wall_Window_400x400.uasset" 181
"../../../AI/Content/StarterContent/Audio/Light01_Cue.uasset" 182
"../../../AI/Content/StarterContent/Audio/Light02_Cue.uasset" 183
"../../../AI/Content/StarterContent/Audio/Explosion_Cue.uasset" 184
"../../../AI/Content/StarterContent/Textures/T_Burst_M.uasset" 185
"../../../AI/Content/StarterContent/Particles/Materials/M_Burst.uasset" 186
"../../../AI/Content/StarterContent/Textures/T_Explosion_SubUV.uasset" 187
"../../../AI/Content/StarterContent/Particles/Materials/M_explosion_subUV.uasset" 188
"../../../AI/Content/StarterContent/Particles/Materials/m_flare_01.uasset" 189
"../../../AI/Content/StarterContent/Particles/Materials/M_radial_ramp.uasset" 190
"../../../AI/Content/StarterContent/Textures/T_Smoke_SubUV.uasset" 191
"../../../AI/Content/StarterContent/Textures/T_Smoke_Tiled_D.uasset" 192
"../../../AI/Content/StarterContent/Particles/Materials/M_smoke_subUV.uasset" 193
"../../../AI/Content/StarterContent/Particles/P_Explosion.uasset" 194
"../../../AI/Content/StarterContent/Blueprints/Blueprint_Effect_Explosion.uasset" 195
"../../../Engine/Content/EditorMeshes/ColorCalibrator/T_ColorGrid.uasset" 196
"../../../AI/Content/StarterContent/Materials/M_ColorGrid_LowSpec.uasset" 197
"../../../AI/Content/StarterContent/Textures/T_Bush_D.uasset" 198
"../../../AI/Content/StarterContent/Textures/T_Bush_N.uasset" 199
"../../../AI/Content/StarterContent/Props/Materials/M_Bush.uasset" 200
"../../../AI/Content/StarterContent/Props/SM_Bush.uasset" 201
"../../../AI/Content/StarterContent/Textures/T_Chair_M.uasset" 202
"../../../AI/Content/StarterContent/Textures/T_Chair_N.uasset" 203
"../../../AI/Content/StarterContent/Props/Materials/M_Chair.uasset" 204
"../../../AI/Content/StarterContent/Props/SM_Couch.uasset" 205
"../../../AI/Content/StarterContent/Materials/M_Glass.uasset" 206
"../../../AI/Content/StarterContent/Textures/T_Door_M.uasset" 207
"../../../AI/Content/StarterContent/Textures/T_Door_N.uasset" 208
"../../../AI/Content/StarterContent/Props/Materials/M_Door.uasset" 209
"../../../AI/Content/StarterContent/Props/SM_Door.uasset" 210
"../../../AI/Content/StarterContent/Props/Materials/M_MaterialSphere.uasset" 211
"../../../AI/Content/StarterContent/Props/Materials/M_MaterialSphere_Plain.uasset" 212
"../../../AI/Content/StarterContent/Props/SM_MatPreviewMesh_02.uasset" 213
"../../../Engine/Content/Functions/Engine_MaterialFunctions02/Utility/BlendAngleCorrectedNormals.uasset" 214
"../../../AI/Content/StarterContent/Textures/T_Detail_Rocky_N.uasset" 215
"../../../AI/Content/StarterContent/Textures/T_Rock_Basalt_D.uasset" 216
"../../../AI/Content/StarterContent/Textures/T_RockMesh_M.uasset" 217
"../../../AI/Content/StarterContent/Textures/T_RockMesh_N.uasset" 218
"../../../AI/Content/StarterContent/Props/Materials/M_Rock.uasset" 219
"../../../AI/Content/StarterContent/Props/SM_Rock.uasset" 220
"../../../AI/Content/StarterContent/Textures/T_Shelf_M.uasset" 221
"../../../AI/Content/StarterContent/Textures/T_Shelf_N.uasset" 222
"../../../AI/Content/StarterContent/Props/Materials/M_Shelf.uasset" 223
"../../../AI/Content/StarterContent/Props/SM_Shelf.uasset" 224
"../../../AI/Content/StarterContent/Materials/M_Basic_Floor.uasset" 225
"../../../AI/Content/StarterContent/Props/SM_Stairs.uasset" 226
"../../../AI/Content/StarterContent/Shapes/Shape_Cone.uasset" 227
"../../../AI/Content/StarterContent/Shapes/Shape_Cylinder.uasset" 228
"../../../AI/Content/StarterContent/Shapes/Shape_Pipe.uasset" 229
"../../../AI/Content/StarterContent/Shapes/Shape_Pipe_180.uasset" 230
"../../../AI/Content/StarterContent/Shapes/Shape_Pipe_90.uasset" 231
"../../../AI/Content/StarterContent/Shapes/Shape_Plane.uasset" 232
"../../../AI/Content/StarterContent/Shapes/Shape_Torus.uasset" 233
"../../../AI/Content/StarterContent/Shapes/Shape_Trim.uasset" 234
"../../../AI/Content/StarterContent/Shapes/Shape_Trim_90_In.uasset" 235
"../../../AI/Content/StarterContent/Shapes/Shape_Trim_90_Out.uasset" 236
"../../../AI/Content/StarterContent/Shapes/Shape_TriPyramid.uasset" 237
"../../../AI/Content/StarterContent/Shapes/Shape_Wedge_A.uasset" 238
"../../../AI/Content/StarterContent/Shapes/Shape_Wedge_B.uasset" 239
"../../../AI/Content/StarterContent/Shapes/Shape_WideCapsule.uasset" 240
"../../../AI/Content/ThirdPerson/Meshes/RampMaterial.uasset" 241
"../../../AI/Content/ThirdPerson/Meshes/Bump_StaticMesh.uasset" 242
"../../../AI/Content/ThirdPerson/Meshes/LeftArm_StaticMesh.uasset" 243
"../../../AI/Content/ThirdPerson/Meshes/Linear_Stair_StaticMesh.uasset" 244
"../../../AI/Content/ThirdPerson/Meshes/Colorfinder.uasset" 245
"../../../AI/Content/ThirdPerson/Meshes/NewMaterial.uasset" 246
"../../../AI/Content/ThirdPerson/Meshes/Ramp_StaticMesh.uasset" 247
"../../../AI/Content/ThirdPerson/Meshes/RightArm_StaticMesh.uasset" 248
"../../../AI/Content/Mannequin/Animations/Third_Person_Punch.uasset" 249
"../../../AI/Content/Mannequin/Animations/ThirdPerson_Jump.uasset" 250
"../../../AI/Content/Mannequin/Animations/ThirdPersonJump_Loop.uasset" 251
"../../../AI/Content/Mannequin/Animations/ThirdPersonJump_Start.uasset" 252
"../../../AI/Content/Mannequin/Animations/ThirdPersonIdle.uasset" 253
"../../../AI/Content/Mannequin/Animations/ThirdPersonRun.uasset" 254
"../../../AI/Content/Mannequin/Animations/ThirdPersonWalk.uasset" 255
"../../../AI/Content/Mannequin/Animations/ThirdPerson_IdleRun_2D.uasset" 256
"../../../Engine/Content/EditorBlueprintResources/StandardMacros.uasset" 257
"../../../AI/Content/Mannequin/Animations/ThirdPerson_AnimBP.uasset" 258
"../../../AI/Content/ThirdPersonBP/Blueprints/Neuron.uasset" 259
"../../../AI/Content/ThirdPersonBP/Blueprints/State.uasset" 260
"../../../Engine/Content/Functions/MaterialLayerFunctions/MatLayerBlend_AO.uasset" 261
"../../../Engine/Content/Functions/MaterialLayerFunctions/MatLayerBlend_NormalBlend.uasset" 262
"../../../Engine/Content/Functions/MaterialLayerFunctions/MatLayerBlend_Simple.uasset" 263
"../../../AI/Content/Mannequin/Character/Materials/MaterialLayers/T_ML_Rubber_Blue_01_D.uasset" 264
"../../../AI/Content/Mannequin/Character/Materials/MaterialLayers/T_ML_Rubber_Blue_01_N.uasset" 265
"../../../AI/Content/Mannequin/Character/Materials/MaterialLayers/ML_GlossyBlack_Latex_UE4.uasset" 266
"../../../AI/Content/Mannequin/Character/Materials/MaterialLayers/ML_Plastic_Shiny_Beige.uasset" 267
"../../../AI/Content/Mannequin/Character/Textures/UE4_LOGO_CARD.uasset" 268
"../../../AI/Content/Mannequin/Character/Materials/MaterialLayers/ML_Plastic_Shiny_Beige_LOGO.uasset" 269
"../../../AI/Content/Mannequin/Character/Materials/MaterialLayers/T_ML_Aluminum01.uasset" 270
"../../../AI/Content/Mannequin/Character/Materials/MaterialLayers/T_ML_Aluminum01_N.uasset" 271
"../../../AI/Content/Mannequin/Character/Materials/MaterialLayers/ML_SoftMetal_UE4.uasset" 272
"../../../AI/Content/Mannequin/Character/Textures/UE4_Mannequin__normals.uasset" 273
"../../../AI/Content/Mannequin/Character/Textures/UE4_Mannequin_MAT_MASKA.uasset" 274
"../../../AI/Content/Mannequin/Character/Materials/M_UE4Man_Body.uasset" 275
"../../../AI/Content/ThirdPersonBP/Blueprints/NeuralNetwork.uasset" 276
"../../../AI/Content/ThirdPersonBP/Blueprints/GeneticAIController.uasset" 277
"../../../AI/Content/Mannequin/Character/Textures/UE4Man_Logo_N.uasset" 278
"../../../AI/Content/Mannequin/Character/Materials/M_UE4Man_ChestLogo.uasset" 279
"../../../AI/Content/Mannequin/Character/Mesh/SK_Mannequin_PhysicsAsset.uasset" 280
"../../../AI/Content/Mannequin/Character/Mesh/SK_Mannequin.uasset" 281
"../../../AI/Content/ThirdPersonBP/Blueprints/ThirdPersonCharacter.uasset" 282
"../../../AI/Content/ThirdPersonBP/Blueprints/MyPlayerController.uasset" 283
"../../../AI/Content/ThirdPersonBP/Blueprints/ThirdPersonGameMode.uasset" 284
"../../../Engine/Plugins/2D/Paper2D/Content/DummySprite.uasset" 285
"../../../Engine/Plugins/2D/Paper2D/Content/DefaultPaperTerrainMaterial.uasset" 286
"../../../Engine/Plugins/2D/Paper2D/Content/DefaultSpriteMaterial.uasset" 287
"../../../Engine/Plugins/2D/Paper2D/Content/MaskedUnlitSpriteMaterial.uasset" 288
"../../../Engine/Plugins/2D/Paper2D/Content/OpaqueUnlitSpriteMaterial.uasset" 289
"../../../Engine/Plugins/2D/Paper2D/Content/PlaceholderTextures/DummySpriteTexture.uasset" 290
"../../../Engine/Plugins/Marketplace/KantanCharts/Content/Style/CategoryStyles/DefaultCategoryStyleSet.uasset" 291
"../../../Engine/Plugins/Marketplace/KantanCharts/Content/Style/SeriesStyles/PointStyles/PointImages/PointStyle_Circle.uasset" 292
"../../../Engine/Plugins/Marketplace/KantanCharts/Content/Style/SeriesStyles/PointStyles/PS_Circle.uasset" 293
"../../../Engine/Plugins/Marketplace/KantanCharts/Content/Style/SeriesStyles/PointStyles/PointImages/PointStyle_Cross.uasset" 294
"../../../Engine/Plugins/Marketplace/KantanCharts/Content/Style/SeriesStyles/PointStyles/PS_Cross.uasset" 295
"../../../Engine/Plugins/Marketplace/KantanCharts/Content/Style/SeriesStyles/PointStyles/PointImages/PointStyle_Diamond.uasset" 296
"../../../Engine/Plugins/Marketplace/KantanCharts/Content/Style/SeriesStyles/PointStyles/PS_Diamond.uasset" 297
"../../../Engine/Plugins/Marketplace/KantanCharts/Content/Style/SeriesStyles/PointStyles/PointImages/PointStyle_Square.uasset" 298
"../../../Engine/Plugins/Marketplace/KantanCharts/Content/Style/SeriesStyles/PointStyles/PS_Square.uasset" 299
"../../../Engine/Plugins/Marketplace/KantanCharts/Content/Style/SeriesStyles/PointStyles/PointImages/PointStyle_X.uasset" 300
"../../../Engine/Plugins/Marketplace/KantanCharts/Content/Style/SeriesStyles/PointStyles/PS_X.uasset" 301
"../../../Engine/Plugins/Marketplace/KantanCharts/Content/Style/SeriesStyles/DefaultSeriesStyleSet.uasset" 302
"../../../AI/Content/StarterContent/Blueprints/Assets/FogBrightnessLUT.uasset" 303
"../../../AI/Content/StarterContent/Blueprints/Assets/SunlightColorLUT.uasset" 304
"../../../AI/Content/StarterContent/Blueprints/Assets/M_LightStage_Arrows.uasset" 305
"../../../Engine/Content/MapTemplates/Sky/DaylightAmbientCubemap.uasset" 306
"../../../AI/Content/StarterContent/Blueprints/Assets/M_LightStage_Skybox_Master.uasset" 307
"../../../AI/Content/StarterContent/Blueprints/Assets/M_LightStage_Skybox_Black.uasset" 308
"../../../AI/Content/StarterContent/Blueprints/Assets/M_LightStage_Skybox_HDRI.uasset" 309
"../../../Engine/Content/EditorMaterials/Thumbnails/SkySphereMaterial.uasset" 310
"../../../AI/Content/StarterContent/Blueprints/Assets/Skybox.uasset" 311
"../../../AI/Content/StarterContent/Blueprints/Assets/SM_Arrows.uasset" 312
"../../../AI/Content/StarterContent/HDRI/HDRI_Epic_Courtyard_Daylight.uasset" 313
"../../../AI/Content/StarterContent/Blueprints/BP_LightStudio.uasset" 314
"../../../AI/Content/StarterContent/Materials/M_AssetPlatform.uasset" 315
"../../../Engine/Content/EditorMeshes/ColorCalibrator/M_ChromeBall.uasset" 316
"../../../Engine/Content/EditorMeshes/ColorCalibrator/M_ClearCoat.uasset" 317
"../../../Engine/Content/EditorMeshes/ColorCalibrator/M_ClearCoatBlack.uasset" 318
"../../../Engine/Content/EditorMeshes/ColorCalibrator/M_ColorGrid.uasset" 319
"../../../Engine/Content/EditorMeshes/ColorCalibrator/M_GreyBall.uasset" 320
"../../../Engine/Content/EditorMeshes/ColorCalibrator/SM_ColorCalibrator.uasset" 321
"../../../AI/Content/StarterContent/Architecture/SM_AssetPlatform.uasset" 322
"../../../AI/Content/StarterContent/Maps/Advanced_Lighting.umap" 323
"../../../Engine/Content/EngineSky/C_Sky_Cloud_Color.uasset" 324
"../../../Engine/Content/EngineSky/C_Sky_Horizon_Color.uasset" 325
"../../../Engine/Content/EngineSky/C_Sky_Zenith_Color.uasset" 326
"../../../Engine/Content/EngineSky/T_Sky_Blue.uasset" 327
"../../../Engine/Content/EngineSky/T_Sky_Clouds_M.uasset" 328
"../../../Engine/Content/EngineSky/T_Sky_Stars.uasset" 329
"../../../Engine/Content/EngineSky/M_Sky_Panning_Clouds2.uasset" 330
"../../../Engine/Content/EngineSky/SM_SkySphere.uasset" 331
"../../../Engine/Content/EngineSky/BP_Sky_Sphere.uasset" 332
"../../../AI/Content/StarterContent/Textures/T_MacroVariation.uasset" 333
"../../../AI/Content/StarterContent/Materials/M_Metal_Brushed_Nickel.uasset" 334
"../../../AI/Content/StarterContent/Textures/T_Metal_Aluminum_D.uasset" 335
"../../../AI/Content/StarterContent/Textures/T_Metal_Gold_N.uasset" 336
"../../../AI/Content/StarterContent/Materials/M_Metal_Burnished_Steel.uasset" 337
"../../../AI/Content/StarterContent/Textures/T_Metal_Copper_D.uasset" 338
"../../../AI/Content/StarterContent/Materials/M_Metal_Copper.uasset" 339
"../../../AI/Content/StarterContent/Textures/T_Statue_M.uasset" 340
"../../../AI/Content/StarterContent/Textures/T_Statue_N.uasset" 341
"../../../AI/Content/StarterContent/Props/Materials/M_StatueGlass.uasset" 342
"../../../AI/Content/StarterContent/Architecture/Floor_400x400.uasset" 343
"../../../AI/Content/StarterContent/Audio/Starter_Background_Cue.uasset" 344
"../../../AI/Content/StarterContent/Props/SM_Chair.uasset" 345
"../../../AI/Content/StarterContent/Props/Materials/M_Statue.uasset" 346
"../../../AI/Content/StarterContent/Props/SM_Statue.uasset" 347
"../../../AI/Content/StarterContent/Textures/T_TableRound_M.uasset" 348
"../../../AI/Content/StarterContent/Textures/T_TableRound_N.uasset" 349
"../../../AI/Content/StarterContent/Props/Materials/M_TableRound.uasset" 350
"../../../AI/Content/StarterContent/Props/SM_TableRound.uasset" 351
"../../../AI/Content/StarterContent/Maps/Minimal_Default.umap" 352
"../../../AI/Content/StarterContent/Audio/Fire01_Cue.uasset" 353
"../../../AI/Content/StarterContent/Textures/T_Fire_SubUV.uasset" 354
"../../../AI/Content/StarterContent/Textures/T_Fire_Tiled_D.uasset" 355
"../../../AI/Content/StarterContent/Particles/Materials/M_Fire_SubUV.uasset" 356
"../../../AI/Content/StarterContent/Textures/T_Water_N.uasset" 357
"../../../AI/Content/StarterContent/Particles/Materials/M_Heat_Distortion.uasset" 358
"../../../AI/Content/StarterContent/Particles/Materials/M_Radial_Gradient.uasset" 359
"../../../AI/Content/StarterContent/Particles/P_Fire.uasset" 360
"../../../AI/Content/StarterContent/Blueprints/Blueprint_Effect_Fire.uasset" 361
"../../../AI/Content/StarterContent/Audio/Smoke01_Cue.uasset" 362
"../../../AI/Content/StarterContent/Particles/P_Smoke.uasset" 363
"../../../AI/Content/StarterContent/Blueprints/Blueprint_Effect_Smoke.uasset" 364
"../../../AI/Content/StarterContent/Audio/Fire_Sparks01_Cue.uasset" 365
"../../../AI/Content/StarterContent/Textures/T_Spark_Core.uasset" 366
"../../../AI/Content/StarterContent/Particles/Materials/M_Spark.uasset" 367
"../../../AI/Content/StarterContent/Particles/P_Sparks.uasset" 368
"../../../AI/Content/StarterContent/Blueprints/Blueprint_Effect_Sparks.uasset" 369
"../../../AI/Content/StarterContent/Audio/Steam01_Cue.uasset" 370
"../../../AI/Content/StarterContent/Particles/P_Steam_Lit.uasset" 371
"../../../AI/Content/StarterContent/Blueprints/Blueprint_Effect_Steam.uasset" 372
"../../../AI/Content/StarterContent/Textures/T_Lamp_M.uasset" 373
"../../../AI/Content/StarterContent/Textures/T_Lamp_N.uasset" 374
"../../../AI/Content/StarterContent/Props/Materials/M_Lamp.uasset" 375
"../../../AI/Content/StarterContent/Props/SM_Lamp_Ceiling.uasset" 376
"../../../AI/Content/StarterContent/Blueprints/Blueprint_CeilingLight.uasset" 377
"../../../AI/Content/StarterContent/Props/SM_Lamp_Wall.uasset" 378
"../../../AI/Content/StarterContent/Blueprints/Blueprint_WallSconce.uasset" 379
"../../../Engine/Content/Functions/Engine_MaterialFunctions03/Procedurals/ComputeFilterWidth.uasset" 380
"../../../Engine/Content/EngineMaterials/AntiAliasedTextMaterialTranslucent.uasset" 381
"../../../AI/Content/StarterContent/Textures/T_Brick_Clay_Beveled_D.uasset" 382
"../../../AI/Content/StarterContent/Textures/T_Brick_Clay_Beveled_M.uasset" 383
"../../../AI/Content/StarterContent/Textures/T_Brick_Clay_Beveled_N.uasset" 384
"../../../AI/Content/StarterContent/Materials/M_Brick_Clay_Beveled.uasset" 385
"../../../AI/Content/StarterContent/Textures/T_Brick_Clay_New_D.uasset" 386
"../../../AI/Content/StarterContent/Textures/T_Brick_Clay_New_M.uasset" 387
"../../../AI/Content/StarterContent/Textures/T_Brick_Clay_New_N.uasset" 388
"../../../AI/Content/StarterContent/Materials/M_Brick_Clay_New.uasset" 389
"../../../AI/Content/StarterContent/Textures/T_Brick_Clay_Old_D.uasset" 390
"../../../AI/Content/StarterContent/Textures/T_Brick_Clay_Old_N.uasset" 391
"../../../AI/Content/StarterContent/Textures/T_Perlin_Noise_M.uasset" 392
"../../../AI/Content/StarterContent/Materials/M_Brick_Clay_Old.uasset" 393
"../../../AI/Content/StarterContent/Textures/T_Brick_Cut_Stone_D.uasset" 394
"../../../AI/Content/StarterContent/Textures/T_Brick_Cut_Stone_N.uasset" 395
"../../../AI/Content/StarterContent/Materials/M_Brick_Cut_Stone.uasset" 396
"../../../AI/Content/StarterContent/Textures/T_Brick_Hewn_Stone_D.uasset" 397
"../../../AI/Content/StarterContent/Textures/T_Brick_Hewn_Stone_M.uasset" 398
"../../../AI/Content/StarterContent/Textures/T_Brick_Hewn_Stone_N.uasset" 399
"../../../AI/Content/StarterContent/Materials/M_Brick_Hewn_Stone.uasset" 400
"../../../AI/Content/StarterContent/Textures/T_Ceramic_Tile_M.uasset" 401
"../../../AI/Content/StarterContent/Textures/T_Ceramic_Tile_N.uasset" 402
"../../../AI/Content/StarterContent/Textures/T_Rock_Marble_Polished_D.uasset" 403
"../../../AI/Content/StarterContent/Materials/M_Ceramic_Tile_Checker.uasset" 404
"../../../AI/Content/StarterContent/Textures/T_CobbleStone_Pebble_D.uasset" 405
"../../../AI/Content/StarterContent/Textures/T_CobbleStone_Pebble_M.uasset" 406
"../../../AI/Content/StarterContent/Textures/T_CobbleStone_Pebble_N.uasset" 407
"../../../AI/Content/StarterContent/Materials/M_CobbleStone_Pebble.uasset" 408
"../../../AI/Content/StarterContent/Textures/T_CobbleStone_Rough_D.uasset" 409
"../../../AI/Content/StarterContent/Textures/T_CobbleStone_Rough_N.uasset" 410
"../../../AI/Content/StarterContent/Textures/T_Gradinet_01.uasset" 411
"../../../AI/Content/StarterContent/Textures/T_Rock_Smooth_Granite_D.uasset" 412
"../../../AI/Content/StarterContent/Materials/M_CobbleStone_Rough.uasset" 413
"../../../AI/Content/StarterContent/Textures/T_CobbleStone_Smooth_D.uasset" 414
"../../../AI/Content/StarterContent/Textures/T_CobbleStone_Smooth_M.uasset" 415
"../../../AI/Content/StarterContent/Textures/T_CobbleStone_Smooth_N.uasset" 416
"../../../AI/Content/StarterContent/Materials/M_CobbleStone_Smooth.uasset" 417
"../../../AI/Content/StarterContent/Textures/T_Concrete_Grime_D.uasset" 418
"../../../AI/Content/StarterContent/Textures/T_Metal_Rust_N.uasset" 419
"../../../AI/Content/StarterContent/Materials/M_Concrete_Grime.uasset" 420
"../../../AI/Content/StarterContent/Textures/T_Concrete_Panels_D.uasset" 421
"../../../AI/Content/StarterContent/Textures/T_Concrete_Panels_N.uasset" 422
"../../../AI/Content/StarterContent/Materials/M_Concrete_Panels.uasset" 423
"../../../AI/Content/StarterContent/Textures/T_Concrete_Poured_D.uasset" 424
"../../../AI/Content/StarterContent/Textures/T_Concrete_Poured_N.uasset" 425
"../../../AI/Content/StarterContent/Materials/M_Concrete_Poured.uasset" 426
"../../../AI/Content/StarterContent/Textures/T_Concrete_Tiles_D.uasset" 427
"../../../AI/Content/StarterContent/Textures/T_Concrete_Tiles_M.uasset" 428
"../../../AI/Content/StarterContent/Textures/T_Concrete_Tiles_N.uasset" 429
"../../../AI/Content/StarterContent/Textures/T_Concrete_Tiles_Variation_M.uasset" 430
"../../../AI/Content/StarterContent/Materials/M_Concrete_Tiles.uasset" 431
"../../../AI/Content/StarterContent/Textures/T_Ground_Grass_D.uasset" 432
"../../../AI/Content/StarterContent/Textures/T_Ground_Grass_N.uasset" 433
"../../../AI/Content/StarterContent/Materials/M_Ground_Grass.uasset" 434
"../../../AI/Content/StarterContent/Textures/T_Ground_Gravel_D.uasset" 435
"../../../AI/Content/StarterContent/Textures/T_Ground_Gravel_N.uasset" 436
"../../../AI/Content/StarterContent/Materials/M_Ground_Gravel.uasset" 437
"../../../AI/Content/StarterContent/Textures/T_ground_Moss_D.uasset" 438
"../../../AI/Content/StarterContent/Textures/T_Ground_Moss_N.uasset" 439
"../../../AI/Content/StarterContent/Materials/M_Ground_Moss.uasset" 440
"../../../AI/Content/StarterContent/Materials/M_Metal_Chrome.uasset" 441
"../../../AI/Content/StarterContent/Textures/T_Metal_Gold_D.uasset" 442
"../../../AI/Content/StarterContent/Materials/M_Metal_Gold.uasset" 443
"../../../AI/Content/StarterContent/Textures/T_Metal_Rust_D.uasset" 444
"../../../AI/Content/StarterContent/Materials/M_Metal_Rust.uasset" 445
"../../../AI/Content/StarterContent/Textures/T_Metal_Steel_D.uasset" 446
"../../../AI/Content/StarterContent/Textures/T_Metal_Steel_N.uasset" 447
"../../../AI/Content/StarterContent/Materials/M_Metal_Steel.uasset" 448
"../../../AI/Content/StarterContent/Textures/T_Rock_Basalt_N.uasset" 449
"../../../AI/Content/StarterContent/Materials/M_Rock_Basalt.uasset" 450
"../../../AI/Content/StarterContent/Materials/M_Rock_Marble_Polished.uasset" 451
"../../../AI/Content/StarterContent/Textures/T_Rock_Sandstone_D.uasset" 452
"../../../AI/Content/StarterContent/Textures/T_Rock_Sandstone_N.uasset" 453
"../../../AI/Content/StarterContent/Materials/M_Rock_Sandstone.uasset" 454
"../../../AI/Content/StarterContent/Textures/T_Rock_Slate_D.uasset" 455
"../../../AI/Content/StarterContent/Textures/T_Rock_Slate_N.uasset" 456
"../../../AI/Content/StarterContent/Materials/M_Rock_Slate.uasset" 457
"../../../AI/Content/StarterContent/Textures/T_Checker_Noise_M.uasset" 458
"../../../AI/Content/StarterContent/Textures/T_Single_Tile_N.uasset" 459
"../../../AI/Content/StarterContent/Textures/T_Tech_Dot_M.uasset" 460
"../../../AI/Content/StarterContent/Textures/T_Tech_Dot_N.uasset" 461
"../../../AI/Content/StarterContent/Materials/M_Tech_Checker_Dot.uasset" 462
"../../../AI/Content/StarterContent/Textures/T_Tech_Hex_Tile_M.uasset" 463
"../../../AI/Content/StarterContent/Textures/T_Tech_Hex_Tile_N.uasset" 464
"../../../AI/Content/StarterContent/Materials/M_Tech_Hex_Tile.uasset" 465
"../../../AI/Content/StarterContent/Materials/M_Tech_Hex_Tile_Pulse.uasset" 466
"../../../AI/Content/StarterContent/Textures/T_Tech_Panel_M.uasset" 467
"../../../AI/Content/StarterContent/Textures/T_Tech_Panel_N.uasset" 468
"../../../AI/Content/StarterContent/Materials/M_Tech_Panel.uasset" 469
"../../../AI/Content/StarterContent/Materials/M_Water_Lake.uasset" 470
"../../../AI/Content/StarterContent/Textures/T_Water_M.uasset" 471
"../../../AI/Content/StarterContent/Materials/M_Water_Ocean.uasset" 472
"../../../AI/Content/StarterContent/Textures/T_Wood_Floor_Walnut_D.uasset" 473
"../../../AI/Content/StarterContent/Textures/T_Wood_Floor_Walnut_M.uasset" 474
"../../../AI/Content/StarterContent/Textures/T_Wood_Floor_Walnut_N.uasset" 475
"../../../AI/Content/StarterContent/Materials/M_Wood_Floor_Walnut_Polished.uasset" 476
"../../../Engine/Content/Functions/Engine_MaterialFunctions01/Opacity/AlphaOffset.uasset" 477
"../../../AI/Content/StarterContent/Materials/M_Wood_Floor_Walnut_Worn.uasset" 478
"../../../AI/Content/StarterContent/Textures/T_Wood_Oak_D.uasset" 479
"../../../AI/Content/StarterContent/Textures/T_Wood_Oak_N.uasset" 480
"../../../AI/Content/StarterContent/Materials/M_Wood_Oak.uasset" 481
"../../../AI/Content/StarterContent/Textures/T_Wood_Pine_D.uasset" 482
"../../../AI/Content/StarterContent/Textures/T_Wood_Pine_N.uasset" 483
"../../../AI/Content/StarterContent/Materials/M_Wood_Pine.uasset" 484
"../../../AI/Content/StarterContent/Textures/T_Wood_Walnut_D.uasset" 485
"../../../AI/Content/StarterContent/Textures/T_Wood_Walnut_N.uasset" 486
"../../../AI/Content/StarterContent/Materials/M_Wood_Walnut.uasset" 487
"../../../AI/Content/StarterContent/Architecture/Wall_400x200.uasset" 488
"../../../AI/Content/StarterContent/Architecture/Wall_Door_400x300.uasset" 489
"../../../AI/Content/StarterContent/Architecture/Wall_Window_400x300.uasset" 490
"../../../AI/Content/StarterContent/Audio/Collapse_Cue.uasset" 491
"../../../AI/Content/StarterContent/Audio/Starter_Music_Cue.uasset" 492
"../../../AI/Content/StarterContent/Textures/T_Dust_Particle_D.uasset" 493
"../../../AI/Content/StarterContent/Particles/Materials/M_Dust_Particle.uasset" 494
"../../../AI/Content/StarterContent/Particles/P_Ambient_Dust.uasset" 495
"../../../AI/Content/StarterContent/Props/MaterialSphere.uasset" 496
"../../../AI/Content/StarterContent/Textures/T_Frame_M.uasset" 497
"../../../AI/Content/StarterContent/Textures/T_Frame_N.uasset" 498
"../../../AI/Content/StarterContent/Props/Materials/M_Frame.uasset" 499
"../../../AI/Content/StarterContent/Props/SM_CornerFrame.uasset" 500
"../../../AI/Content/StarterContent/Props/SM_DoorFrame.uasset" 501
"../../../AI/Content/StarterContent/Props/SM_GlassWindow.uasset" 502
"../../../AI/Content/StarterContent/Props/SM_PillarFrame.uasset" 503
"../../../AI/Content/StarterContent/Props/SM_PillarFrame300.uasset" 504
"../../../AI/Content/StarterContent/Props/SM_WindowFrame.uasset" 505
"../../../AI/Content/StarterContent/Shapes/Shape_Cube.uasset" 506
"../../../AI/Content/StarterContent/Shapes/Shape_QuadPyramid.uasset" 507
"../../../AI/Content/StarterContent/Shapes/Shape_Sphere.uasset" 508
"../../../AI/Content/StarterContent/Maps/StarterMap.umap" 509
"../../../AI/Content/ThirdPersonBP/Blueprints/MySaveGame.uasset" 510
"../../../AI/Content/ThirdPersonBP/Blueprints/Trainer.uasset" 511
"../../../AI/Content/ThirdPersonBP/Blueprints/ImageDifferencer.uasset" 512
"../../../AI/Content/ThirdPersonBP/Blueprints/VisualAIController.uasset" 513
"../../../Engine/Content/BasicShapes/Cylinder.uasset" 514
"../../../Engine/Content/BasicShapes/Sphere.uasset" 515
"../../../AI/Content/StarterContent/Shapes/Shape_NarrowCapsule.uasset" 516
"../../../AI/Content/StarterContent/Shapes/Shape_Tube.uasset" 517
"../../../AI/Content/ThirdPersonBP/Blueprints/Turret.uasset" 518
"../../../Engine/Content/BasicShapes/BasicShapeMaterial.uasset" 519
"../../../AI/Content/Geometry/Meshes/CubeMaterial.uasset" 520
"../../../AI/Content/Geometry/Meshes/1M_Cube.uasset" 521
"../../../AI/Content/Geometry/Meshes/1M_Cube_Chamfer.uasset" 522
"../../../AI/Content/ThirdPersonBP/Maps/Arena.umap" 523
"../../../AI/Content/ThirdPersonBP/Maps/ThirdPersonExampleMap_BuiltData.uasset" 524
"../../../AI/Content/Geometry/Meshes/TemplateFloor.uasset" 525
"../../../AI/Content/ThirdPersonBP/Maps/ThirdPersonExampleMap.umap" 526
"../../../Engine/Content/Maps/Entry.umap" 527
